<?xml version="1.0" encoding="UTF-8"?>
<testsuite name="ru.rtuitlab.ApplicationTest" tests="1" skipped="0" failures="0" errors="0" timestamp="2019-11-23T14:22:27" hostname="DESKTOP-GMJFS4T" time="0.002">
  <properties/>
  <testcase name="testRoot" classname="ru.rtuitlab.ApplicationTest" time="0.002"/>
  <system-out><![CDATA[]]></system-out>
  <system-err><![CDATA[]]></system-err>
</testsuite>
